000 (2812362.000.000) 10/06 17:58:44 Job submitted from host: <188.185.70.244:9618?addrs=188.185.70.244-9618+[2001-1458-d00-7--100-2ee]-9618&alias=bigbird10.cern.ch&noUDP&sock=schedd_2095_9300>
...
040 (2812362.000.000) 10/06 18:00:49 Started transferring input files
	Transferring to host: <188.184.192.154:9618?addrs=188.184.192.154-9618+[2001-1458-301-83--100-81]-9618&alias=b7g44n0153.cern.ch&noUDP&sock=slot1_6_3899_f2b8_39309>
...
040 (2812362.000.000) 10/06 18:00:49 Finished transferring input files
...
001 (2812362.000.000) 10/06 18:00:50 Job executing on host: <188.184.192.154:9618?addrs=188.184.192.154-9618+[2001-1458-301-83--100-81]-9618&alias=b7g44n0153.cern.ch&noUDP&sock=startd_3385_682c>
...
006 (2812362.000.000) 10/06 18:00:58 Image size of job updated: 2362824
	76  -  MemoryUsage of job (MB)
	76824  -  ResidentSetSize of job (KB)
...
040 (2812362.000.000) 10/06 18:01:00 Started transferring output files
...
040 (2812362.000.000) 10/06 18:01:00 Finished transferring output files
...
005 (2812362.000.000) 10/06 18:01:01 Job terminated.
	(1) Normal termination (return value 1)
		Usr 0 00:00:04, Sys 0 00:00:00  -  Run Remote Usage
		Usr 0 00:00:00, Sys 0 00:00:00  -  Run Local Usage
		Usr 0 00:00:04, Sys 0 00:00:00  -  Total Remote Usage
		Usr 0 00:00:00, Sys 0 00:00:00  -  Total Local Usage
	2025  -  Run Bytes Sent By Job
	132  -  Run Bytes Received By Job
	2025  -  Total Bytes Sent By Job
	132  -  Total Bytes Received By Job
	Partitionable Resources :    Usage  Request Allocated 
	   Cpus                 :                 1         1 
	   Disk (KB)            :       18        1    182330 
	   Memory (MB)          :       76     2000      2000 

	Job terminated of its own accord at 2021-10-06T16:01:00Z.
...
